Mono path[0] = 'C:/Users/User/OneDrive/桌面/視窗/視窗期末/WindowsFormsApp1/WindowsFormsApp1/IntegratedApps/FusionRPG/Build/FusionRPG_Data/Managed'
Mono config path = 'C:/Users/User/OneDrive/桌面/視窗/視窗期末/WindowsFormsApp1/WindowsFormsApp1/IntegratedApps/FusionRPG/Build/MonoBleedingEdge/etc'
[Physics::Module] Initialized fallback backend.
[Physics::Module] Id: 0xdecafbad
Initialize engine version: 6000.0.32f1 (b2e806cf271c)
[Subsystems] Discovering subsystems at path C:/Users/User/OneDrive/桌面/視窗/視窗期末/WindowsFormsApp1/WindowsFormsApp1/IntegratedApps/FusionRPG/Build/FusionRPG_Data/UnitySubsystems
kGfxThreadingModeSplitJobs is not supported on Direct3D 11. Reverting to kGfxThreadingModeClientWorkerJobs instead.
GfxDevice: creating device client; kGfxThreadingModeClientWorkerJobs
Direct3D:
    Version:  Direct3D 11.0 [level 11.1]
    Renderer: NVIDIA GeForce RTX 4060 Laptop GPU (ID=0x28e0)
    Vendor:   NVIDIA
    VRAM:     7957 MB
    Driver:   32.0.15.5597
Begin MonoManager ReloadAssembly
- Loaded All Assemblies, in  6.247 seconds
- Finished resetting the current domain, in  0.001 seconds
[Physics::Module] Selected backend.
[Physics::Module] Name: PhysX
[Physics::Module] Id: 0xf2b8ea05
[Physics::Module] SDK Version: 4.1.2
[Physics::Module] Integration Version: 1.0.0
[Physics::Module] Threading Mode: Multi-Threaded
<RI> Initializing input.
<RI> Input initialized.
<RI> Initialized touch support.
Source mesh has over 2,097,152 triangles in it, and is using the Fast Midphase option. This might cause certain collisions to not be detected correctly due to an issue in the physics engine. If you observe that in your project, a workaround could be to turn off the Fast Midphase option for this particular mesh. Source mesh name: meshes[0]
UnloadTime: 0.602600 ms
[Physics::Module] Cleanup current backned.
[Physics::Module] Id: 0xf2b8ea05
